2023-07-04 09:44:14 WARN  FOUserAgent:97 - The following feature isn't implemented by Apache FOP, yet: table-layout="auto" (on fo:table) (No context info available)
2023-07-04 09:44:14 WARN  FOUserAgent:97 - The following feature isn't implemented by Apache FOP, yet: table-layout="auto" (on fo:table) (No context info available)
2023-07-04 09:44:14 WARN  FOUserAgent:97 - The following feature isn't implemented by Apache FOP, yet: table-layout="auto" (on fo:table) (No context info available)
2023-07-04 09:44:14 WARN  FOUserAgent:94 - Font "Symbol,normal,700" not found. Substituting with "Symbol,normal,400".
2023-07-04 09:44:14 WARN  FOUserAgent:94 - Font "ZapfDingbats,normal,700" not found. Substituting with "ZapfDingbats,normal,400".
2023-07-04 09:44:14 INFO  FOUserAgent:83 - Rendered page #1.
2023-07-04 09:58:08 WARN  FOUserAgent:97 - The following feature isn't implemented by Apache FOP, yet: table-layout="auto" (on fo:table) (No context info available)
2023-07-04 09:58:08 WARN  FOUserAgent:97 - The following feature isn't implemented by Apache FOP, yet: table-layout="auto" (on fo:table) (No context info available)
2023-07-04 09:58:08 WARN  FOUserAgent:97 - The following feature isn't implemented by Apache FOP, yet: table-layout="auto" (on fo:table) (No context info available)
2023-07-04 09:58:08 WARN  FOUserAgent:94 - Font "Symbol,normal,700" not found. Substituting with "Symbol,normal,400".
2023-07-04 09:58:08 WARN  FOUserAgent:94 - Font "ZapfDingbats,normal,700" not found. Substituting with "ZapfDingbats,normal,400".
2023-07-04 09:58:08 INFO  FOUserAgent:83 - Rendered page #1.
2023-07-04 10:01:54 WARN  FOUserAgent:97 - The following feature isn't implemented by Apache FOP, yet: table-layout="auto" (on fo:table) (No context info available)
2023-07-04 10:01:54 WARN  FOUserAgent:97 - The following feature isn't implemented by Apache FOP, yet: table-layout="auto" (on fo:table) (No context info available)
2023-07-04 10:01:54 WARN  FOUserAgent:97 - The following feature isn't implemented by Apache FOP, yet: table-layout="auto" (on fo:table) (No context info available)
2023-07-04 10:01:54 WARN  FOUserAgent:94 - Font "Symbol,normal,700" not found. Substituting with "Symbol,normal,400".
2023-07-04 10:01:54 WARN  FOUserAgent:94 - Font "ZapfDingbats,normal,700" not found. Substituting with "ZapfDingbats,normal,400".
2023-07-04 10:01:55 INFO  FOUserAgent:83 - Rendered page #1.
2023-07-04 10:06:09 WARN  FOUserAgent:97 - The following feature isn't implemented by Apache FOP, yet: table-layout="auto" (on fo:table) (No context info available)
2023-07-04 10:06:09 WARN  FOUserAgent:97 - The following feature isn't implemented by Apache FOP, yet: table-layout="auto" (on fo:table) (No context info available)
2023-07-04 10:06:09 WARN  FOUserAgent:97 - The following feature isn't implemented by Apache FOP, yet: table-layout="auto" (on fo:table) (No context info available)
2023-07-04 10:06:09 WARN  FOUserAgent:94 - Font "Symbol,normal,700" not found. Substituting with "Symbol,normal,400".
2023-07-04 10:06:09 WARN  FOUserAgent:94 - Font "ZapfDingbats,normal,700" not found. Substituting with "ZapfDingbats,normal,400".
2023-07-04 10:06:09 INFO  FOUserAgent:83 - Rendered page #1.
2023-07-04 10:08:26 WARN  FOUserAgent:97 - The following feature isn't implemented by Apache FOP, yet: table-layout="auto" (on fo:table) (No context info available)
2023-07-04 10:08:26 WARN  FOUserAgent:97 - The following feature isn't implemented by Apache FOP, yet: table-layout="auto" (on fo:table) (No context info available)
2023-07-04 10:08:26 WARN  FOUserAgent:97 - The following feature isn't implemented by Apache FOP, yet: table-layout="auto" (on fo:table) (No context info available)
2023-07-04 10:08:26 WARN  FOUserAgent:94 - Font "Symbol,normal,700" not found. Substituting with "Symbol,normal,400".
2023-07-04 10:08:26 WARN  FOUserAgent:94 - Font "ZapfDingbats,normal,700" not found. Substituting with "ZapfDingbats,normal,400".
2023-07-04 10:08:26 INFO  FOUserAgent:83 - Rendered page #1.
2023-07-04 10:10:01 WARN  FOUserAgent:97 - The following feature isn't implemented by Apache FOP, yet: table-layout="auto" (on fo:table) (No context info available)
2023-07-04 10:10:01 WARN  FOUserAgent:97 - The following feature isn't implemented by Apache FOP, yet: table-layout="auto" (on fo:table) (No context info available)
2023-07-04 10:10:01 WARN  FOUserAgent:97 - The following feature isn't implemented by Apache FOP, yet: table-layout="auto" (on fo:table) (No context info available)
2023-07-04 10:10:01 WARN  FOUserAgent:94 - Font "Symbol,normal,700" not found. Substituting with "Symbol,normal,400".
2023-07-04 10:10:01 WARN  FOUserAgent:94 - Font "ZapfDingbats,normal,700" not found. Substituting with "ZapfDingbats,normal,400".
2023-07-04 10:10:01 INFO  FOUserAgent:83 - Rendered page #1.
2023-07-04 10:13:13 WARN  FOUserAgent:97 - The following feature isn't implemented by Apache FOP, yet: table-layout="auto" (on fo:table) (No context info available)
2023-07-04 10:13:13 WARN  FOUserAgent:97 - The following feature isn't implemented by Apache FOP, yet: table-layout="auto" (on fo:table) (No context info available)
2023-07-04 10:13:13 WARN  FOUserAgent:97 - The following feature isn't implemented by Apache FOP, yet: table-layout="auto" (on fo:table) (No context info available)
2023-07-04 10:13:13 WARN  FOUserAgent:94 - Font "Symbol,normal,700" not found. Substituting with "Symbol,normal,400".
2023-07-04 10:13:13 WARN  FOUserAgent:94 - Font "ZapfDingbats,normal,700" not found. Substituting with "ZapfDingbats,normal,400".
2023-07-04 10:13:13 INFO  FOUserAgent:83 - Rendered page #1.
2023-07-04 10:15:53 WARN  FOUserAgent:97 - The following feature isn't implemented by Apache FOP, yet: table-layout="auto" (on fo:table) (No context info available)
2023-07-04 10:15:53 WARN  FOUserAgent:97 - The following feature isn't implemented by Apache FOP, yet: table-layout="auto" (on fo:table) (No context info available)
2023-07-04 10:15:53 WARN  FOUserAgent:97 - The following feature isn't implemented by Apache FOP, yet: table-layout="auto" (on fo:table) (No context info available)
2023-07-04 10:15:53 WARN  FOUserAgent:94 - Font "Symbol,normal,700" not found. Substituting with "Symbol,normal,400".
2023-07-04 10:15:53 WARN  FOUserAgent:94 - Font "ZapfDingbats,normal,700" not found. Substituting with "ZapfDingbats,normal,400".
2023-07-04 10:15:53 INFO  FOUserAgent:83 - Rendered page #1.
2023-07-04 10:17:04 WARN  FOUserAgent:97 - The following feature isn't implemented by Apache FOP, yet: table-layout="auto" (on fo:table) (No context info available)
2023-07-04 10:17:04 WARN  FOUserAgent:97 - The following feature isn't implemented by Apache FOP, yet: table-layout="auto" (on fo:table) (No context info available)
2023-07-04 10:17:04 WARN  FOUserAgent:97 - The following feature isn't implemented by Apache FOP, yet: table-layout="auto" (on fo:table) (No context info available)
2023-07-04 10:17:05 WARN  FOUserAgent:94 - Font "Symbol,normal,700" not found. Substituting with "Symbol,normal,400".
2023-07-04 10:17:05 WARN  FOUserAgent:94 - Font "ZapfDingbats,normal,700" not found. Substituting with "ZapfDingbats,normal,400".
2023-07-04 10:17:05 INFO  FOUserAgent:83 - Rendered page #1.
2023-07-04 10:17:42 WARN  FOUserAgent:97 - The following feature isn't implemented by Apache FOP, yet: table-layout="auto" (on fo:table) (No context info available)
2023-07-04 10:17:42 WARN  FOUserAgent:97 - The following feature isn't implemented by Apache FOP, yet: table-layout="auto" (on fo:table) (No context info available)
2023-07-04 10:17:42 WARN  FOUserAgent:97 - The following feature isn't implemented by Apache FOP, yet: table-layout="auto" (on fo:table) (No context info available)
2023-07-04 10:17:42 WARN  FOUserAgent:94 - Font "Symbol,normal,700" not found. Substituting with "Symbol,normal,400".
2023-07-04 10:17:42 WARN  FOUserAgent:94 - Font "ZapfDingbats,normal,700" not found. Substituting with "ZapfDingbats,normal,400".
2023-07-04 10:17:42 WARN  FOUserAgent:97 - The contents of fo:block line 1 exceed the available area in the inline-progression direction by more than 50 points. (No context info available)
2023-07-04 10:17:42 INFO  FOUserAgent:83 - Rendered page #1.
2023-07-04 10:26:23 WARN  FOUserAgent:97 - The following feature isn't implemented by Apache FOP, yet: table-layout="auto" (on fo:table) (No context info available)
2023-07-04 10:26:23 WARN  FOUserAgent:97 - The following feature isn't implemented by Apache FOP, yet: table-layout="auto" (on fo:table) (No context info available)
2023-07-04 10:26:23 WARN  FOUserAgent:97 - The following feature isn't implemented by Apache FOP, yet: table-layout="auto" (on fo:table) (No context info available)
2023-07-04 10:26:23 WARN  FOUserAgent:94 - Font "Symbol,normal,700" not found. Substituting with "Symbol,normal,400".
2023-07-04 10:26:23 WARN  FOUserAgent:94 - Font "ZapfDingbats,normal,700" not found. Substituting with "ZapfDingbats,normal,400".
2023-07-04 10:26:23 WARN  FOUserAgent:97 - The contents of fo:block line 1 exceed the available area in the inline-progression direction by more than 50 points. (No context info available)
2023-07-04 10:26:23 INFO  FOUserAgent:83 - Rendered page #1.
2023-07-04 10:27:12 WARN  FOUserAgent:97 - The following feature isn't implemented by Apache FOP, yet: table-layout="auto" (on fo:table) (No context info available)
2023-07-04 10:27:12 WARN  FOUserAgent:97 - The following feature isn't implemented by Apache FOP, yet: table-layout="auto" (on fo:table) (No context info available)
2023-07-04 10:27:12 WARN  FOUserAgent:97 - The following feature isn't implemented by Apache FOP, yet: table-layout="auto" (on fo:table) (No context info available)
2023-07-04 10:27:12 WARN  FOUserAgent:94 - Font "Symbol,normal,700" not found. Substituting with "Symbol,normal,400".
2023-07-04 10:27:12 WARN  FOUserAgent:94 - Font "ZapfDingbats,normal,700" not found. Substituting with "ZapfDingbats,normal,400".
2023-07-04 10:27:12 WARN  FOUserAgent:97 - The contents of fo:block line 1 exceed the available area in the inline-progression direction by more than 50 points. (No context info available)
2023-07-04 10:27:13 INFO  FOUserAgent:83 - Rendered page #1.
2023-07-04 10:28:36 WARN  FOUserAgent:97 - The following feature isn't implemented by Apache FOP, yet: table-layout="auto" (on fo:table) (No context info available)
2023-07-04 10:28:36 WARN  FOUserAgent:97 - The following feature isn't implemented by Apache FOP, yet: table-layout="auto" (on fo:table) (No context info available)
2023-07-04 10:28:36 WARN  FOUserAgent:97 - The following feature isn't implemented by Apache FOP, yet: table-layout="auto" (on fo:table) (No context info available)
2023-07-04 10:28:36 WARN  FOUserAgent:94 - Font "Symbol,normal,700" not found. Substituting with "Symbol,normal,400".
2023-07-04 10:28:36 WARN  FOUserAgent:94 - Font "ZapfDingbats,normal,700" not found. Substituting with "ZapfDingbats,normal,400".
2023-07-04 10:28:36 WARN  FOUserAgent:97 - The contents of fo:block line 1 exceed the available area in the inline-progression direction by more than 50 points. (No context info available)
2023-07-04 10:28:36 INFO  FOUserAgent:83 - Rendered page #1.
2023-07-04 10:29:36 WARN  FOUserAgent:97 - The following feature isn't implemented by Apache FOP, yet: table-layout="auto" (on fo:table) (No context info available)
2023-07-04 10:29:36 WARN  FOUserAgent:97 - The following feature isn't implemented by Apache FOP, yet: table-layout="auto" (on fo:table) (No context info available)
2023-07-04 10:29:36 WARN  FOUserAgent:97 - The following feature isn't implemented by Apache FOP, yet: table-layout="auto" (on fo:table) (No context info available)
2023-07-04 10:29:36 WARN  FOUserAgent:94 - Font "Symbol,normal,700" not found. Substituting with "Symbol,normal,400".
2023-07-04 10:29:36 WARN  FOUserAgent:94 - Font "ZapfDingbats,normal,700" not found. Substituting with "ZapfDingbats,normal,400".
2023-07-04 10:29:36 WARN  FOUserAgent:97 - The contents of fo:block line 1 exceed the available area in the inline-progression direction by more than 50 points. (No context info available)
2023-07-04 10:29:36 INFO  FOUserAgent:83 - Rendered page #1.
2023-07-04 10:31:04 WARN  FOUserAgent:97 - The following feature isn't implemented by Apache FOP, yet: table-layout="auto" (on fo:table) (No context info available)
2023-07-04 10:31:04 WARN  FOUserAgent:97 - The following feature isn't implemented by Apache FOP, yet: table-layout="auto" (on fo:table) (No context info available)
2023-07-04 10:31:04 WARN  FOUserAgent:97 - The following feature isn't implemented by Apache FOP, yet: table-layout="auto" (on fo:table) (No context info available)
2023-07-04 10:31:04 WARN  FOUserAgent:94 - Font "Symbol,normal,700" not found. Substituting with "Symbol,normal,400".
2023-07-04 10:31:04 WARN  FOUserAgent:94 - Font "ZapfDingbats,normal,700" not found. Substituting with "ZapfDingbats,normal,400".
2023-07-04 10:31:04 WARN  FOUserAgent:97 - The contents of fo:block line 1 exceed the available area in the inline-progression direction by more than 50 points. (No context info available)
2023-07-04 10:31:05 INFO  FOUserAgent:83 - Rendered page #1.
2023-07-04 10:31:45 WARN  FOUserAgent:97 - The following feature isn't implemented by Apache FOP, yet: table-layout="auto" (on fo:table) (No context info available)
2023-07-04 10:31:45 WARN  FOUserAgent:97 - The following feature isn't implemented by Apache FOP, yet: table-layout="auto" (on fo:table) (No context info available)
2023-07-04 10:31:45 WARN  FOUserAgent:97 - The following feature isn't implemented by Apache FOP, yet: table-layout="auto" (on fo:table) (No context info available)
2023-07-04 10:31:45 WARN  FOUserAgent:94 - Font "Symbol,normal,700" not found. Substituting with "Symbol,normal,400".
2023-07-04 10:31:45 WARN  FOUserAgent:94 - Font "ZapfDingbats,normal,700" not found. Substituting with "ZapfDingbats,normal,400".
2023-07-04 10:31:45 WARN  FOUserAgent:97 - The contents of fo:block line 1 exceed the available area in the inline-progression direction by more than 50 points. (No context info available)
2023-07-04 10:31:45 INFO  FOUserAgent:83 - Rendered page #1.
2023-07-04 10:32:14 WARN  FOUserAgent:97 - The following feature isn't implemented by Apache FOP, yet: table-layout="auto" (on fo:table) (No context info available)
2023-07-04 10:32:14 WARN  FOUserAgent:97 - The following feature isn't implemented by Apache FOP, yet: table-layout="auto" (on fo:table) (No context info available)
2023-07-04 10:32:14 WARN  FOUserAgent:97 - The following feature isn't implemented by Apache FOP, yet: table-layout="auto" (on fo:table) (No context info available)
2023-07-04 10:32:14 WARN  FOUserAgent:94 - Font "Symbol,normal,700" not found. Substituting with "Symbol,normal,400".
2023-07-04 10:32:14 WARN  FOUserAgent:94 - Font "ZapfDingbats,normal,700" not found. Substituting with "ZapfDingbats,normal,400".
2023-07-04 10:32:14 WARN  FOUserAgent:97 - The contents of fo:block line 1 exceed the available area in the inline-progression direction by more than 50 points. (No context info available)
2023-07-04 10:32:14 INFO  FOUserAgent:83 - Rendered page #1.
2023-07-04 10:34:01 WARN  FOUserAgent:97 - The following feature isn't implemented by Apache FOP, yet: table-layout="auto" (on fo:table) (No context info available)
2023-07-04 10:34:01 WARN  FOUserAgent:97 - The following feature isn't implemented by Apache FOP, yet: table-layout="auto" (on fo:table) (No context info available)
2023-07-04 10:34:01 WARN  FOUserAgent:97 - The following feature isn't implemented by Apache FOP, yet: table-layout="auto" (on fo:table) (No context info available)
2023-07-04 10:34:01 WARN  FOUserAgent:94 - Font "Symbol,normal,700" not found. Substituting with "Symbol,normal,400".
2023-07-04 10:34:01 WARN  FOUserAgent:94 - Font "ZapfDingbats,normal,700" not found. Substituting with "ZapfDingbats,normal,400".
2023-07-04 10:34:01 WARN  FOUserAgent:97 - The contents of fo:block line 1 exceed the available area in the inline-progression direction by more than 50 points. (No context info available)
2023-07-04 10:34:01 INFO  FOUserAgent:83 - Rendered page #1.
2023-07-04 10:38:41 WARN  FOUserAgent:97 - The following feature isn't implemented by Apache FOP, yet: table-layout="auto" (on fo:table) (No context info available)
2023-07-04 10:38:41 WARN  FOUserAgent:97 - The following feature isn't implemented by Apache FOP, yet: table-layout="auto" (on fo:table) (No context info available)
2023-07-04 10:38:41 WARN  FOUserAgent:97 - The following feature isn't implemented by Apache FOP, yet: table-layout="auto" (on fo:table) (No context info available)
2023-07-04 10:38:41 WARN  FOUserAgent:94 - Font "Symbol,normal,700" not found. Substituting with "Symbol,normal,400".
2023-07-04 10:38:41 WARN  FOUserAgent:94 - Font "ZapfDingbats,normal,700" not found. Substituting with "ZapfDingbats,normal,400".
2023-07-04 10:38:41 WARN  FOUserAgent:97 - The contents of fo:block line 1 exceed the available area in the inline-progression direction by more than 50 points. (No context info available)
2023-07-04 10:38:41 INFO  FOUserAgent:83 - Rendered page #1.
2023-07-04 11:19:40 WARN  FOUserAgent:97 - The following feature isn't implemented by Apache FOP, yet: table-layout="auto" (on fo:table) (No context info available)
2023-07-04 11:19:40 WARN  FOUserAgent:97 - The following feature isn't implemented by Apache FOP, yet: table-layout="auto" (on fo:table) (No context info available)
2023-07-04 11:19:41 WARN  FOUserAgent:97 - The following feature isn't implemented by Apache FOP, yet: table-layout="auto" (on fo:table) (No context info available)
2023-07-04 11:19:41 WARN  FOUserAgent:94 - Font "Symbol,normal,700" not found. Substituting with "Symbol,normal,400".
2023-07-04 11:19:41 WARN  FOUserAgent:94 - Font "ZapfDingbats,normal,700" not found. Substituting with "ZapfDingbats,normal,400".
2023-07-04 11:19:41 WARN  FOUserAgent:97 - The contents of fo:block line 1 exceed the available area in the inline-progression direction by more than 50 points. (No context info available)
2023-07-04 11:19:41 INFO  FOUserAgent:83 - Rendered page #1.
2023-07-04 11:33:27 WARN  FOUserAgent:97 - The following feature isn't implemented by Apache FOP, yet: table-layout="auto" (on fo:table) (No context info available)
2023-07-04 11:33:27 WARN  FOUserAgent:97 - The following feature isn't implemented by Apache FOP, yet: table-layout="auto" (on fo:table) (No context info available)
2023-07-04 11:33:27 WARN  FOUserAgent:97 - The following feature isn't implemented by Apache FOP, yet: table-layout="auto" (on fo:table) (No context info available)
2023-07-04 11:33:27 WARN  FOUserAgent:94 - Font "Symbol,normal,700" not found. Substituting with "Symbol,normal,400".
2023-07-04 11:33:27 WARN  FOUserAgent:94 - Font "ZapfDingbats,normal,700" not found. Substituting with "ZapfDingbats,normal,400".
2023-07-04 11:33:27 WARN  FOUserAgent:97 - The contents of fo:block line 1 exceed the available area in the inline-progression direction by more than 50 points. (No context info available)
2023-07-04 11:33:27 INFO  FOUserAgent:83 - Rendered page #1.
2023-07-04 11:34:59 WARN  FOUserAgent:97 - The following feature isn't implemented by Apache FOP, yet: table-layout="auto" (on fo:table) (No context info available)
2023-07-04 11:34:59 WARN  FOUserAgent:97 - The following feature isn't implemented by Apache FOP, yet: table-layout="auto" (on fo:table) (No context info available)
2023-07-04 11:34:59 WARN  FOUserAgent:97 - The following feature isn't implemented by Apache FOP, yet: table-layout="auto" (on fo:table) (No context info available)
2023-07-04 11:34:59 ERROR FOUserAgent:101 - Invalid property value encountered in column-width="proportional-column-width(1)": org.apache.fop.fo.expr.PropertyException: proportional-column-width() function may only be used when fo:table has table-layout="fixed".; property:'column-width' (No context info available)
org.apache.fop.fo.expr.PropertyException: proportional-column-width() function may only be used when fo:table has table-layout="fixed".; property:'column-width'
	at org.apache.fop.fo.expr.ProportionalColumnWidthFunction.eval(ProportionalColumnWidthFunction.java:61)
	at org.apache.fop.fo.expr.PropertyParser.parsePrimaryExpr(PropertyParser.java:341)
	at org.apache.fop.fo.expr.PropertyParser.parseUnaryExpr(PropertyParser.java:213)
	at org.apache.fop.fo.expr.PropertyParser.parseMultiplicativeExpr(PropertyParser.java:178)
	at org.apache.fop.fo.expr.PropertyParser.parseAdditiveExpr(PropertyParser.java:152)
	at org.apache.fop.fo.expr.PropertyParser.parseProperty(PropertyParser.java:126)
	at org.apache.fop.fo.expr.PropertyParser.parse(PropertyParser.java:92)
	at org.apache.fop.fo.properties.PropertyMaker.make(PropertyMaker.java:438)
	at org.apache.fop.fo.PropertyList.convertAttributeToProperty(PropertyList.java:499)
	at org.apache.fop.fo.PropertyList.addAttributesToList(PropertyList.java:386)
	at org.apache.fop.fo.FObj.processNode(FObj.java:124)
	at org.apache.fop.fo.flow.table.TableFObj.processNode(TableFObj.java:232)
	at org.apache.fop.fo.FOTreeBuilder$MainFOHandler.startElement(FOTreeBuilder.java:291)
	at org.apache.fop.fo.FOTreeBuilder.startElement(FOTreeBuilder.java:179)
	at org.apache.xml.serializer.ToXMLSAXHandler.closeStartTag(ToXMLSAXHandler.java:206)
	at org.apache.xml.serializer.ToSAXHandler.flushPending(ToSAXHandler.java:279)
	at org.apache.xml.serializer.ToXMLSAXHandler.endElement(ToXMLSAXHandler.java:245)
	at org.apache.xalan.templates.ElemLiteralResult.execute(ElemLiteralResult.java:1401)
	at org.apache.xalan.transformer.TransformerImpl.executeChildTemplates(TransformerImpl.java:2402)
	at org.apache.xalan.templates.ElemLiteralResult.execute(ElemLiteralResult.java:1376)
	at org.apache.xalan.transformer.TransformerImpl.executeChildTemplates(TransformerImpl.java:2402)
	at org.apache.xalan.templates.ElemLiteralResult.execute(ElemLiteralResult.java:1376)
	at org.apache.xalan.templates.ElemApplyTemplates.transformSelectedNodes(ElemApplyTemplates.java:395)
	at org.apache.xalan.templates.ElemApplyTemplates.execute(ElemApplyTemplates.java:178)
	at org.apache.xalan.transformer.TransformerImpl.executeChildTemplates(TransformerImpl.java:2402)
	at org.apache.xalan.templates.ElemLiteralResult.execute(ElemLiteralResult.java:1376)
	at org.apache.xalan.transformer.TransformerImpl.executeChildTemplates(TransformerImpl.java:2402)
	at org.apache.xalan.templates.ElemLiteralResult.execute(ElemLiteralResult.java:1376)
	at org.apache.xalan.transformer.TransformerImpl.executeChildTemplates(TransformerImpl.java:2402)
	at org.apache.xalan.templates.ElemLiteralResult.execute(ElemLiteralResult.java:1376)
	at org.apache.xalan.transformer.TransformerImpl.executeChildTemplates(TransformerImpl.java:2402)
	at org.apache.xalan.transformer.TransformerImpl.applyTemplateToNode(TransformerImpl.java:2272)
	at org.apache.xalan.transformer.TransformerImpl.transformNode(TransformerImpl.java:1358)
	at org.apache.xalan.transformer.TransformerImpl.transform(TransformerImpl.java:711)
	at org.apache.xalan.transformer.TransformerImpl.transform(TransformerImpl.java:1275)
	at org.apache.xalan.transformer.TransformerImpl.transform(TransformerImpl.java:1253)
	at com.increff.invoiceapp.service.GeneratePDF.createPDF(GeneratePDF.java:43)
	at com.increff.invoiceapp.service.InvoiceService.generateInvoice(InvoiceService.java:29)
	at com.increff.invoiceapp.dto.InvoiceDto.getInvoicePDF(InvoiceDto.java:24)
	at com.increff.invoiceapp.controller.GenerateInvoiceController.getInvoicePDF(GenerateInvoiceController.java:26)
	at sun.reflect.NativeMethodAccessorImpl.invoke0(Native Method)
	at sun.reflect.NativeMethodAccessorImpl.invoke(NativeMethodAccessorImpl.java:62)
	at sun.reflect.DelegatingMethodAccessorImpl.invoke(DelegatingMethodAccessorImpl.java:43)
	at java.lang.reflect.Method.invoke(Method.java:498)
	at org.springframework.web.method.support.InvocableHandlerMethod.doInvoke(InvocableHandlerMethod.java:205)
	at org.springframework.web.method.support.InvocableHandlerMethod.invokeForRequest(InvocableHandlerMethod.java:133)
	at org.springframework.web.servlet.mvc.method.annotation.ServletInvocableHandlerMethod.invokeAndHandle(ServletInvocableHandlerMethod.java:116)
	at org.springframework.web.servlet.mvc.method.annotation.RequestMappingHandlerAdapter.invokeHandlerMethod(RequestMappingHandlerAdapter.java:827)
	at org.springframework.web.servlet.mvc.method.annotation.RequestMappingHandlerAdapter.handleInternal(RequestMappingHandlerAdapter.java:738)
	at org.springframework.web.servlet.mvc.method.AbstractHandlerMethodAdapter.handle(AbstractHandlerMethodAdapter.java:85)
	at org.springframework.web.servlet.DispatcherServlet.doDispatch(DispatcherServlet.java:963)
	at org.springframework.web.servlet.DispatcherServlet.doService(DispatcherServlet.java:897)
	at org.springframework.web.servlet.FrameworkServlet.processRequest(FrameworkServlet.java:970)
	at org.springframework.web.servlet.FrameworkServlet.doPost(FrameworkServlet.java:872)
	at javax.servlet.http.HttpServlet.service(HttpServlet.java:707)
	at org.springframework.web.servlet.FrameworkServlet.service(FrameworkServlet.java:846)
	at javax.servlet.http.HttpServlet.service(HttpServlet.java:790)
	at org.eclipse.jetty.servlet.ServletHolder.handle(ServletHolder.java:760)
	at org.eclipse.jetty.servlet.ServletHandler$CachedChain.doFilter(ServletHandler.java:1617)
	at org.eclipse.jetty.websocket.server.WebSocketUpgradeFilter.doFilter(WebSocketUpgradeFilter.java:226)
	at org.eclipse.jetty.servlet.ServletHandler$CachedChain.doFilter(ServletHandler.java:1604)
	at org.eclipse.jetty.servlet.ServletHandler.doHandle(ServletHandler.java:545)
	at org.eclipse.jetty.server.handler.ScopedHandler.handle(ScopedHandler.java:143)
	at org.eclipse.jetty.security.SecurityHandler.handle(SecurityHandler.java:536)
	at org.eclipse.jetty.server.handler.HandlerWrapper.handle(HandlerWrapper.java:127)
	at org.eclipse.jetty.server.handler.ScopedHandler.nextHandle(ScopedHandler.java:235)
	at org.eclipse.jetty.server.session.SessionHandler.doHandle(SessionHandler.java:1589)
	at org.eclipse.jetty.server.handler.ScopedHandler.nextHandle(ScopedHandler.java:233)
	at org.eclipse.jetty.server.handler.ContextHandler.doHandle(ContextHandler.java:1296)
	at org.eclipse.jetty.server.handler.ScopedHandler.nextScope(ScopedHandler.java:188)
	at org.eclipse.jetty.servlet.ServletHandler.doScope(ServletHandler.java:485)
	at org.eclipse.jetty.server.session.SessionHandler.doScope(SessionHandler.java:1559)
	at org.eclipse.jetty.server.handler.ScopedHandler.nextScope(ScopedHandler.java:186)
	at org.eclipse.jetty.server.handler.ContextHandler.doScope(ContextHandler.java:1211)
	at org.eclipse.jetty.server.handler.ScopedHandler.handle(ScopedHandler.java:141)
	at org.eclipse.jetty.server.handler.ContextHandlerCollection.handle(ContextHandlerCollection.java:221)
	at org.eclipse.jetty.server.handler.HandlerCollection.handle(HandlerCollection.java:146)
	at org.eclipse.jetty.server.handler.HandlerWrapper.handle(HandlerWrapper.java:127)
	at org.eclipse.jetty.server.Server.handle(Server.java:500)
	at org.eclipse.jetty.server.HttpChannel.lambda$handle$1(HttpChannel.java:386)
	at org.eclipse.jetty.server.HttpChannel.dispatch(HttpChannel.java:560)
	at org.eclipse.jetty.server.HttpChannel.handle(HttpChannel.java:378)
	at org.eclipse.jetty.server.HttpConnection.onFillable(HttpConnection.java:268)
	at org.eclipse.jetty.io.AbstractConnection$ReadCallback.succeeded(AbstractConnection.java:311)
	at org.eclipse.jetty.io.FillInterest.fillable(FillInterest.java:103)
	at org.eclipse.jetty.io.ChannelEndPoint$2.run(ChannelEndPoint.java:117)
	at org.eclipse.jetty.util.thread.QueuedThreadPool.runJob(QueuedThreadPool.java:782)
	at org.eclipse.jetty.util.thread.QueuedThreadPool$Runner.run(QueuedThreadPool.java:914)
	at java.lang.Thread.run(Thread.java:750)
2023-07-04 11:34:59 ERROR FOUserAgent:101 - Invalid property value encountered in column-width="proportional-column-width(1)": org.apache.fop.fo.expr.PropertyException: proportional-column-width() function may only be used when fo:table has table-layout="fixed".; property:'column-width' (No context info available)
org.apache.fop.fo.expr.PropertyException: proportional-column-width() function may only be used when fo:table has table-layout="fixed".; property:'column-width'
	at org.apache.fop.fo.expr.ProportionalColumnWidthFunction.eval(ProportionalColumnWidthFunction.java:61)
	at org.apache.fop.fo.expr.PropertyParser.parsePrimaryExpr(PropertyParser.java:341)
	at org.apache.fop.fo.expr.PropertyParser.parseUnaryExpr(PropertyParser.java:213)
	at org.apache.fop.fo.expr.PropertyParser.parseMultiplicativeExpr(PropertyParser.java:178)
	at org.apache.fop.fo.expr.PropertyParser.parseAdditiveExpr(PropertyParser.java:152)
	at org.apache.fop.fo.expr.PropertyParser.parseProperty(PropertyParser.java:126)
	at org.apache.fop.fo.expr.PropertyParser.parse(PropertyParser.java:92)
	at org.apache.fop.fo.properties.PropertyMaker.make(PropertyMaker.java:438)
	at org.apache.fop.fo.PropertyList.convertAttributeToProperty(PropertyList.java:499)
	at org.apache.fop.fo.PropertyList.addAttributesToList(PropertyList.java:386)
	at org.apache.fop.fo.FObj.processNode(FObj.java:124)
	at org.apache.fop.fo.flow.table.TableFObj.processNode(TableFObj.java:232)
	at org.apache.fop.fo.FOTreeBuilder$MainFOHandler.startElement(FOTreeBuilder.java:291)
	at org.apache.fop.fo.FOTreeBuilder.startElement(FOTreeBuilder.java:179)
	at org.apache.xml.serializer.ToXMLSAXHandler.closeStartTag(ToXMLSAXHandler.java:206)
	at org.apache.xml.serializer.ToSAXHandler.flushPending(ToSAXHandler.java:279)
	at org.apache.xml.serializer.ToXMLSAXHandler.endElement(ToXMLSAXHandler.java:245)
	at org.apache.xalan.templates.ElemLiteralResult.execute(ElemLiteralResult.java:1401)
	at org.apache.xalan.transformer.TransformerImpl.executeChildTemplates(TransformerImpl.java:2402)
	at org.apache.xalan.templates.ElemLiteralResult.execute(ElemLiteralResult.java:1376)
	at org.apache.xalan.transformer.TransformerImpl.executeChildTemplates(TransformerImpl.java:2402)
	at org.apache.xalan.templates.ElemLiteralResult.execute(ElemLiteralResult.java:1376)
	at org.apache.xalan.templates.ElemApplyTemplates.transformSelectedNodes(ElemApplyTemplates.java:395)
	at org.apache.xalan.templates.ElemApplyTemplates.execute(ElemApplyTemplates.java:178)
	at org.apache.xalan.transformer.TransformerImpl.executeChildTemplates(TransformerImpl.java:2402)
	at org.apache.xalan.templates.ElemLiteralResult.execute(ElemLiteralResult.java:1376)
	at org.apache.xalan.transformer.TransformerImpl.executeChildTemplates(TransformerImpl.java:2402)
	at org.apache.xalan.templates.ElemLiteralResult.execute(ElemLiteralResult.java:1376)
	at org.apache.xalan.transformer.TransformerImpl.executeChildTemplates(TransformerImpl.java:2402)
	at org.apache.xalan.templates.ElemLiteralResult.execute(ElemLiteralResult.java:1376)
	at org.apache.xalan.transformer.TransformerImpl.executeChildTemplates(TransformerImpl.java:2402)
	at org.apache.xalan.transformer.TransformerImpl.applyTemplateToNode(TransformerImpl.java:2272)
	at org.apache.xalan.transformer.TransformerImpl.transformNode(TransformerImpl.java:1358)
	at org.apache.xalan.transformer.TransformerImpl.transform(TransformerImpl.java:711)
	at org.apache.xalan.transformer.TransformerImpl.transform(TransformerImpl.java:1275)
	at org.apache.xalan.transformer.TransformerImpl.transform(TransformerImpl.java:1253)
	at com.increff.invoiceapp.service.GeneratePDF.createPDF(GeneratePDF.java:43)
	at com.increff.invoiceapp.service.InvoiceService.generateInvoice(InvoiceService.java:29)
	at com.increff.invoiceapp.dto.InvoiceDto.getInvoicePDF(InvoiceDto.java:24)
	at com.increff.invoiceapp.controller.GenerateInvoiceController.getInvoicePDF(GenerateInvoiceController.java:26)
	at sun.reflect.NativeMethodAccessorImpl.invoke0(Native Method)
	at sun.reflect.NativeMethodAccessorImpl.invoke(NativeMethodAccessorImpl.java:62)
	at sun.reflect.DelegatingMethodAccessorImpl.invoke(DelegatingMethodAccessorImpl.java:43)
	at java.lang.reflect.Method.invoke(Method.java:498)
	at org.springframework.web.method.support.InvocableHandlerMethod.doInvoke(InvocableHandlerMethod.java:205)
	at org.springframework.web.method.support.InvocableHandlerMethod.invokeForRequest(InvocableHandlerMethod.java:133)
	at org.springframework.web.servlet.mvc.method.annotation.ServletInvocableHandlerMethod.invokeAndHandle(ServletInvocableHandlerMethod.java:116)
	at org.springframework.web.servlet.mvc.method.annotation.RequestMappingHandlerAdapter.invokeHandlerMethod(RequestMappingHandlerAdapter.java:827)
	at org.springframework.web.servlet.mvc.method.annotation.RequestMappingHandlerAdapter.handleInternal(RequestMappingHandlerAdapter.java:738)
	at org.springframework.web.servlet.mvc.method.AbstractHandlerMethodAdapter.handle(AbstractHandlerMethodAdapter.java:85)
	at org.springframework.web.servlet.DispatcherServlet.doDispatch(DispatcherServlet.java:963)
	at org.springframework.web.servlet.DispatcherServlet.doService(DispatcherServlet.java:897)
	at org.springframework.web.servlet.FrameworkServlet.processRequest(FrameworkServlet.java:970)
	at org.springframework.web.servlet.FrameworkServlet.doPost(FrameworkServlet.java:872)
	at javax.servlet.http.HttpServlet.service(HttpServlet.java:707)
	at org.springframework.web.servlet.FrameworkServlet.service(FrameworkServlet.java:846)
	at javax.servlet.http.HttpServlet.service(HttpServlet.java:790)
	at org.eclipse.jetty.servlet.ServletHolder.handle(ServletHolder.java:760)
	at org.eclipse.jetty.servlet.ServletHandler$CachedChain.doFilter(ServletHandler.java:1617)
	at org.eclipse.jetty.websocket.server.WebSocketUpgradeFilter.doFilter(WebSocketUpgradeFilter.java:226)
	at org.eclipse.jetty.servlet.ServletHandler$CachedChain.doFilter(ServletHandler.java:1604)
	at org.eclipse.jetty.servlet.ServletHandler.doHandle(ServletHandler.java:545)
	at org.eclipse.jetty.server.handler.ScopedHandler.handle(ScopedHandler.java:143)
	at org.eclipse.jetty.security.SecurityHandler.handle(SecurityHandler.java:536)
	at org.eclipse.jetty.server.handler.HandlerWrapper.handle(HandlerWrapper.java:127)
	at org.eclipse.jetty.server.handler.ScopedHandler.nextHandle(ScopedHandler.java:235)
	at org.eclipse.jetty.server.session.SessionHandler.doHandle(SessionHandler.java:1589)
	at org.eclipse.jetty.server.handler.ScopedHandler.nextHandle(ScopedHandler.java:233)
	at org.eclipse.jetty.server.handler.ContextHandler.doHandle(ContextHandler.java:1296)
	at org.eclipse.jetty.server.handler.ScopedHandler.nextScope(ScopedHandler.java:188)
	at org.eclipse.jetty.servlet.ServletHandler.doScope(ServletHandler.java:485)
	at org.eclipse.jetty.server.session.SessionHandler.doScope(SessionHandler.java:1559)
	at org.eclipse.jetty.server.handler.ScopedHandler.nextScope(ScopedHandler.java:186)
	at org.eclipse.jetty.server.handler.ContextHandler.doScope(ContextHandler.java:1211)
	at org.eclipse.jetty.server.handler.ScopedHandler.handle(ScopedHandler.java:141)
	at org.eclipse.jetty.server.handler.ContextHandlerCollection.handle(ContextHandlerCollection.java:221)
	at org.eclipse.jetty.server.handler.HandlerCollection.handle(HandlerCollection.java:146)
	at org.eclipse.jetty.server.handler.HandlerWrapper.handle(HandlerWrapper.java:127)
	at org.eclipse.jetty.server.Server.handle(Server.java:500)
	at org.eclipse.jetty.server.HttpChannel.lambda$handle$1(HttpChannel.java:386)
	at org.eclipse.jetty.server.HttpChannel.dispatch(HttpChannel.java:560)
	at org.eclipse.jetty.server.HttpChannel.handle(HttpChannel.java:378)
	at org.eclipse.jetty.server.HttpConnection.onFillable(HttpConnection.java:268)
	at org.eclipse.jetty.io.AbstractConnection$ReadCallback.succeeded(AbstractConnection.java:311)
	at org.eclipse.jetty.io.FillInterest.fillable(FillInterest.java:103)
	at org.eclipse.jetty.io.ChannelEndPoint$2.run(ChannelEndPoint.java:117)
	at org.eclipse.jetty.util.thread.QueuedThreadPool.runJob(QueuedThreadPool.java:782)
	at org.eclipse.jetty.util.thread.QueuedThreadPool$Runner.run(QueuedThreadPool.java:914)
	at java.lang.Thread.run(Thread.java:750)
2023-07-04 11:34:59 ERROR FOUserAgent:101 - Invalid property value encountered in column-width="proportional-column-width(1)": org.apache.fop.fo.expr.PropertyException: proportional-column-width() function may only be used when fo:table has table-layout="fixed".; property:'column-width' (No context info available)
org.apache.fop.fo.expr.PropertyException: proportional-column-width() function may only be used when fo:table has table-layout="fixed".; property:'column-width'
	at org.apache.fop.fo.expr.ProportionalColumnWidthFunction.eval(ProportionalColumnWidthFunction.java:61)
	at org.apache.fop.fo.expr.PropertyParser.parsePrimaryExpr(PropertyParser.java:341)
	at org.apache.fop.fo.expr.PropertyParser.parseUnaryExpr(PropertyParser.java:213)
	at org.apache.fop.fo.expr.PropertyParser.parseMultiplicativeExpr(PropertyParser.java:178)
	at org.apache.fop.fo.expr.PropertyParser.parseAdditiveExpr(PropertyParser.java:152)
	at org.apache.fop.fo.expr.PropertyParser.parseProperty(PropertyParser.java:126)
	at org.apache.fop.fo.expr.PropertyParser.parse(PropertyParser.java:92)
	at org.apache.fop.fo.properties.PropertyMaker.make(PropertyMaker.java:438)
	at org.apache.fop.fo.PropertyList.convertAttributeToProperty(PropertyList.java:499)
	at org.apache.fop.fo.PropertyList.addAttributesToList(PropertyList.java:386)
	at org.apache.fop.fo.FObj.processNode(FObj.java:124)
	at org.apache.fop.fo.flow.table.TableFObj.processNode(TableFObj.java:232)
	at org.apache.fop.fo.FOTreeBuilder$MainFOHandler.startElement(FOTreeBuilder.java:291)
	at org.apache.fop.fo.FOTreeBuilder.startElement(FOTreeBuilder.java:179)
	at org.apache.xml.serializer.ToXMLSAXHandler.closeStartTag(ToXMLSAXHandler.java:206)
	at org.apache.xml.serializer.ToSAXHandler.flushPending(ToSAXHandler.java:279)
	at org.apache.xml.serializer.ToXMLSAXHandler.endElement(ToXMLSAXHandler.java:245)
	at org.apache.xalan.templates.ElemLiteralResult.execute(ElemLiteralResult.java:1401)
	at org.apache.xalan.transformer.TransformerImpl.executeChildTemplates(TransformerImpl.java:2402)
	at org.apache.xalan.templates.ElemLiteralResult.execute(ElemLiteralResult.java:1376)
	at org.apache.xalan.transformer.TransformerImpl.executeChildTemplates(TransformerImpl.java:2402)
	at org.apache.xalan.templates.ElemLiteralResult.execute(ElemLiteralResult.java:1376)
	at org.apache.xalan.templates.ElemApplyTemplates.transformSelectedNodes(ElemApplyTemplates.java:395)
	at org.apache.xalan.templates.ElemApplyTemplates.execute(ElemApplyTemplates.java:178)
	at org.apache.xalan.transformer.TransformerImpl.executeChildTemplates(TransformerImpl.java:2402)
	at org.apache.xalan.templates.ElemLiteralResult.execute(ElemLiteralResult.java:1376)
	at org.apache.xalan.transformer.TransformerImpl.executeChildTemplates(TransformerImpl.java:2402)
	at org.apache.xalan.templates.ElemLiteralResult.execute(ElemLiteralResult.java:1376)
	at org.apache.xalan.transformer.TransformerImpl.executeChildTemplates(TransformerImpl.java:2402)
	at org.apache.xalan.templates.ElemLiteralResult.execute(ElemLiteralResult.java:1376)
	at org.apache.xalan.transformer.TransformerImpl.executeChildTemplates(TransformerImpl.java:2402)
	at org.apache.xalan.transformer.TransformerImpl.applyTemplateToNode(TransformerImpl.java:2272)
	at org.apache.xalan.transformer.TransformerImpl.transformNode(TransformerImpl.java:1358)
	at org.apache.xalan.transformer.TransformerImpl.transform(TransformerImpl.java:711)
	at org.apache.xalan.transformer.TransformerImpl.transform(TransformerImpl.java:1275)
	at org.apache.xalan.transformer.TransformerImpl.transform(TransformerImpl.java:1253)
	at com.increff.invoiceapp.service.GeneratePDF.createPDF(GeneratePDF.java:43)
	at com.increff.invoiceapp.service.InvoiceService.generateInvoice(InvoiceService.java:29)
	at com.increff.invoiceapp.dto.InvoiceDto.getInvoicePDF(InvoiceDto.java:24)
	at com.increff.invoiceapp.controller.GenerateInvoiceController.getInvoicePDF(GenerateInvoiceController.java:26)
	at sun.reflect.NativeMethodAccessorImpl.invoke0(Native Method)
	at sun.reflect.NativeMethodAccessorImpl.invoke(NativeMethodAccessorImpl.java:62)
	at sun.reflect.DelegatingMethodAccessorImpl.invoke(DelegatingMethodAccessorImpl.java:43)
	at java.lang.reflect.Method.invoke(Method.java:498)
	at org.springframework.web.method.support.InvocableHandlerMethod.doInvoke(InvocableHandlerMethod.java:205)
	at org.springframework.web.method.support.InvocableHandlerMethod.invokeForRequest(InvocableHandlerMethod.java:133)
	at org.springframework.web.servlet.mvc.method.annotation.ServletInvocableHandlerMethod.invokeAndHandle(ServletInvocableHandlerMethod.java:116)
	at org.springframework.web.servlet.mvc.method.annotation.RequestMappingHandlerAdapter.invokeHandlerMethod(RequestMappingHandlerAdapter.java:827)
	at org.springframework.web.servlet.mvc.method.annotation.RequestMappingHandlerAdapter.handleInternal(RequestMappingHandlerAdapter.java:738)
	at org.springframework.web.servlet.mvc.method.AbstractHandlerMethodAdapter.handle(AbstractHandlerMethodAdapter.java:85)
	at org.springframework.web.servlet.DispatcherServlet.doDispatch(DispatcherServlet.java:963)
	at org.springframework.web.servlet.DispatcherServlet.doService(DispatcherServlet.java:897)
	at org.springframework.web.servlet.FrameworkServlet.processRequest(FrameworkServlet.java:970)
	at org.springframework.web.servlet.FrameworkServlet.doPost(FrameworkServlet.java:872)
	at javax.servlet.http.HttpServlet.service(HttpServlet.java:707)
	at org.springframework.web.servlet.FrameworkServlet.service(FrameworkServlet.java:846)
	at javax.servlet.http.HttpServlet.service(HttpServlet.java:790)
	at org.eclipse.jetty.servlet.ServletHolder.handle(ServletHolder.java:760)
	at org.eclipse.jetty.servlet.ServletHandler$CachedChain.doFilter(ServletHandler.java:1617)
	at org.eclipse.jetty.websocket.server.WebSocketUpgradeFilter.doFilter(WebSocketUpgradeFilter.java:226)
	at org.eclipse.jetty.servlet.ServletHandler$CachedChain.doFilter(ServletHandler.java:1604)
	at org.eclipse.jetty.servlet.ServletHandler.doHandle(ServletHandler.java:545)
	at org.eclipse.jetty.server.handler.ScopedHandler.handle(ScopedHandler.java:143)
	at org.eclipse.jetty.security.SecurityHandler.handle(SecurityHandler.java:536)
	at org.eclipse.jetty.server.handler.HandlerWrapper.handle(HandlerWrapper.java:127)
	at org.eclipse.jetty.server.handler.ScopedHandler.nextHandle(ScopedHandler.java:235)
	at org.eclipse.jetty.server.session.SessionHandler.doHandle(SessionHandler.java:1589)
	at org.eclipse.jetty.server.handler.ScopedHandler.nextHandle(ScopedHandler.java:233)
	at org.eclipse.jetty.server.handler.ContextHandler.doHandle(ContextHandler.java:1296)
	at org.eclipse.jetty.server.handler.ScopedHandler.nextScope(ScopedHandler.java:188)
	at org.eclipse.jetty.servlet.ServletHandler.doScope(ServletHandler.java:485)
	at org.eclipse.jetty.server.session.SessionHandler.doScope(SessionHandler.java:1559)
	at org.eclipse.jetty.server.handler.ScopedHandler.nextScope(ScopedHandler.java:186)
	at org.eclipse.jetty.server.handler.ContextHandler.doScope(ContextHandler.java:1211)
	at org.eclipse.jetty.server.handler.ScopedHandler.handle(ScopedHandler.java:141)
	at org.eclipse.jetty.server.handler.ContextHandlerCollection.handle(ContextHandlerCollection.java:221)
	at org.eclipse.jetty.server.handler.HandlerCollection.handle(HandlerCollection.java:146)
	at org.eclipse.jetty.server.handler.HandlerWrapper.handle(HandlerWrapper.java:127)
	at org.eclipse.jetty.server.Server.handle(Server.java:500)
	at org.eclipse.jetty.server.HttpChannel.lambda$handle$1(HttpChannel.java:386)
	at org.eclipse.jetty.server.HttpChannel.dispatch(HttpChannel.java:560)
	at org.eclipse.jetty.server.HttpChannel.handle(HttpChannel.java:378)
	at org.eclipse.jetty.server.HttpConnection.onFillable(HttpConnection.java:268)
	at org.eclipse.jetty.io.AbstractConnection$ReadCallback.succeeded(AbstractConnection.java:311)
	at org.eclipse.jetty.io.FillInterest.fillable(FillInterest.java:103)
	at org.eclipse.jetty.io.ChannelEndPoint$2.run(ChannelEndPoint.java:117)
	at org.eclipse.jetty.util.thread.QueuedThreadPool.runJob(QueuedThreadPool.java:782)
	at org.eclipse.jetty.util.thread.QueuedThreadPool$Runner.run(QueuedThreadPool.java:914)
	at java.lang.Thread.run(Thread.java:750)
2023-07-04 11:34:59 ERROR FOUserAgent:101 - Invalid property value encountered in column-width="proportional-column-width(1)": org.apache.fop.fo.expr.PropertyException: proportional-column-width() function may only be used when fo:table has table-layout="fixed".; property:'column-width' (No context info available)
org.apache.fop.fo.expr.PropertyException: proportional-column-width() function may only be used when fo:table has table-layout="fixed".; property:'column-width'
	at org.apache.fop.fo.expr.ProportionalColumnWidthFunction.eval(ProportionalColumnWidthFunction.java:61)
	at org.apache.fop.fo.expr.PropertyParser.parsePrimaryExpr(PropertyParser.java:341)
	at org.apache.fop.fo.expr.PropertyParser.parseUnaryExpr(PropertyParser.java:213)
	at org.apache.fop.fo.expr.PropertyParser.parseMultiplicativeExpr(PropertyParser.java:178)
	at org.apache.fop.fo.expr.PropertyParser.parseAdditiveExpr(PropertyParser.java:152)
	at org.apache.fop.fo.expr.PropertyParser.parseProperty(PropertyParser.java:126)
	at org.apache.fop.fo.expr.PropertyParser.parse(PropertyParser.java:92)
	at org.apache.fop.fo.properties.PropertyMaker.make(PropertyMaker.java:438)
	at org.apache.fop.fo.PropertyList.convertAttributeToProperty(PropertyList.java:499)
	at org.apache.fop.fo.PropertyList.addAttributesToList(PropertyList.java:386)
	at org.apache.fop.fo.FObj.processNode(FObj.java:124)
	at org.apache.fop.fo.flow.table.TableFObj.processNode(TableFObj.java:232)
	at org.apache.fop.fo.FOTreeBuilder$MainFOHandler.startElement(FOTreeBuilder.java:291)
	at org.apache.fop.fo.FOTreeBuilder.startElement(FOTreeBuilder.java:179)
	at org.apache.xml.serializer.ToXMLSAXHandler.closeStartTag(ToXMLSAXHandler.java:206)
	at org.apache.xml.serializer.ToSAXHandler.flushPending(ToSAXHandler.java:279)
	at org.apache.xml.serializer.ToXMLSAXHandler.endElement(ToXMLSAXHandler.java:245)
	at org.apache.xalan.templates.ElemLiteralResult.execute(ElemLiteralResult.java:1401)
	at org.apache.xalan.transformer.TransformerImpl.executeChildTemplates(TransformerImpl.java:2402)
	at org.apache.xalan.templates.ElemLiteralResult.execute(ElemLiteralResult.java:1376)
	at org.apache.xalan.transformer.TransformerImpl.executeChildTemplates(TransformerImpl.java:2402)
	at org.apache.xalan.templates.ElemLiteralResult.execute(ElemLiteralResult.java:1376)
	at org.apache.xalan.templates.ElemApplyTemplates.transformSelectedNodes(ElemApplyTemplates.java:395)
	at org.apache.xalan.templates.ElemApplyTemplates.execute(ElemApplyTemplates.java:178)
	at org.apache.xalan.transformer.TransformerImpl.executeChildTemplates(TransformerImpl.java:2402)
	at org.apache.xalan.templates.ElemLiteralResult.execute(ElemLiteralResult.java:1376)
	at org.apache.xalan.transformer.TransformerImpl.executeChildTemplates(TransformerImpl.java:2402)
	at org.apache.xalan.templates.ElemLiteralResult.execute(ElemLiteralResult.java:1376)
	at org.apache.xalan.transformer.TransformerImpl.executeChildTemplates(TransformerImpl.java:2402)
	at org.apache.xalan.templates.ElemLiteralResult.execute(ElemLiteralResult.java:1376)
	at org.apache.xalan.transformer.TransformerImpl.executeChildTemplates(TransformerImpl.java:2402)
	at org.apache.xalan.transformer.TransformerImpl.applyTemplateToNode(TransformerImpl.java:2272)
	at org.apache.xalan.transformer.TransformerImpl.transformNode(TransformerImpl.java:1358)
	at org.apache.xalan.transformer.TransformerImpl.transform(TransformerImpl.java:711)
	at org.apache.xalan.transformer.TransformerImpl.transform(TransformerImpl.java:1275)
	at org.apache.xalan.transformer.TransformerImpl.transform(TransformerImpl.java:1253)
	at com.increff.invoiceapp.service.GeneratePDF.createPDF(GeneratePDF.java:43)
	at com.increff.invoiceapp.service.InvoiceService.generateInvoice(InvoiceService.java:29)
	at com.increff.invoiceapp.dto.InvoiceDto.getInvoicePDF(InvoiceDto.java:24)
	at com.increff.invoiceapp.controller.GenerateInvoiceController.getInvoicePDF(GenerateInvoiceController.java:26)
	at sun.reflect.NativeMethodAccessorImpl.invoke0(Native Method)
	at sun.reflect.NativeMethodAccessorImpl.invoke(NativeMethodAccessorImpl.java:62)
	at sun.reflect.DelegatingMethodAccessorImpl.invoke(DelegatingMethodAccessorImpl.java:43)
	at java.lang.reflect.Method.invoke(Method.java:498)
	at org.springframework.web.method.support.InvocableHandlerMethod.doInvoke(InvocableHandlerMethod.java:205)
	at org.springframework.web.method.support.InvocableHandlerMethod.invokeForRequest(InvocableHandlerMethod.java:133)
	at org.springframework.web.servlet.mvc.method.annotation.ServletInvocableHandlerMethod.invokeAndHandle(ServletInvocableHandlerMethod.java:116)
	at org.springframework.web.servlet.mvc.method.annotation.RequestMappingHandlerAdapter.invokeHandlerMethod(RequestMappingHandlerAdapter.java:827)
	at org.springframework.web.servlet.mvc.method.annotation.RequestMappingHandlerAdapter.handleInternal(RequestMappingHandlerAdapter.java:738)
	at org.springframework.web.servlet.mvc.method.AbstractHandlerMethodAdapter.handle(AbstractHandlerMethodAdapter.java:85)
	at org.springframework.web.servlet.DispatcherServlet.doDispatch(DispatcherServlet.java:963)
	at org.springframework.web.servlet.DispatcherServlet.doService(DispatcherServlet.java:897)
	at org.springframework.web.servlet.FrameworkServlet.processRequest(FrameworkServlet.java:970)
	at org.springframework.web.servlet.FrameworkServlet.doPost(FrameworkServlet.java:872)
	at javax.servlet.http.HttpServlet.service(HttpServlet.java:707)
	at org.springframework.web.servlet.FrameworkServlet.service(FrameworkServlet.java:846)
	at javax.servlet.http.HttpServlet.service(HttpServlet.java:790)
	at org.eclipse.jetty.servlet.ServletHolder.handle(ServletHolder.java:760)
	at org.eclipse.jetty.servlet.ServletHandler$CachedChain.doFilter(ServletHandler.java:1617)
	at org.eclipse.jetty.websocket.server.WebSocketUpgradeFilter.doFilter(WebSocketUpgradeFilter.java:226)
	at org.eclipse.jetty.servlet.ServletHandler$CachedChain.doFilter(ServletHandler.java:1604)
	at org.eclipse.jetty.servlet.ServletHandler.doHandle(ServletHandler.java:545)
	at org.eclipse.jetty.server.handler.ScopedHandler.handle(ScopedHandler.java:143)
	at org.eclipse.jetty.security.SecurityHandler.handle(SecurityHandler.java:536)
	at org.eclipse.jetty.server.handler.HandlerWrapper.handle(HandlerWrapper.java:127)
	at org.eclipse.jetty.server.handler.ScopedHandler.nextHandle(ScopedHandler.java:235)
	at org.eclipse.jetty.server.session.SessionHandler.doHandle(SessionHandler.java:1589)
	at org.eclipse.jetty.server.handler.ScopedHandler.nextHandle(ScopedHandler.java:233)
	at org.eclipse.jetty.server.handler.ContextHandler.doHandle(ContextHandler.java:1296)
	at org.eclipse.jetty.server.handler.ScopedHandler.nextScope(ScopedHandler.java:188)
	at org.eclipse.jetty.servlet.ServletHandler.doScope(ServletHandler.java:485)
	at org.eclipse.jetty.server.session.SessionHandler.doScope(SessionHandler.java:1559)
	at org.eclipse.jetty.server.handler.ScopedHandler.nextScope(ScopedHandler.java:186)
	at org.eclipse.jetty.server.handler.ContextHandler.doScope(ContextHandler.java:1211)
	at org.eclipse.jetty.server.handler.ScopedHandler.handle(ScopedHandler.java:141)
	at org.eclipse.jetty.server.handler.ContextHandlerCollection.handle(ContextHandlerCollection.java:221)
	at org.eclipse.jetty.server.handler.HandlerCollection.handle(HandlerCollection.java:146)
	at org.eclipse.jetty.server.handler.HandlerWrapper.handle(HandlerWrapper.java:127)
	at org.eclipse.jetty.server.Server.handle(Server.java:500)
	at org.eclipse.jetty.server.HttpChannel.lambda$handle$1(HttpChannel.java:386)
	at org.eclipse.jetty.server.HttpChannel.dispatch(HttpChannel.java:560)
	at org.eclipse.jetty.server.HttpChannel.handle(HttpChannel.java:378)
	at org.eclipse.jetty.server.HttpConnection.onFillable(HttpConnection.java:268)
	at org.eclipse.jetty.io.AbstractConnection$ReadCallback.succeeded(AbstractConnection.java:311)
	at org.eclipse.jetty.io.FillInterest.fillable(FillInterest.java:103)
	at org.eclipse.jetty.io.ChannelEndPoint$2.run(ChannelEndPoint.java:117)
	at org.eclipse.jetty.util.thread.QueuedThreadPool.runJob(QueuedThreadPool.java:782)
	at org.eclipse.jetty.util.thread.QueuedThreadPool$Runner.run(QueuedThreadPool.java:914)
	at java.lang.Thread.run(Thread.java:750)
2023-07-04 11:34:59 ERROR FOUserAgent:101 - Invalid property value encountered in column-width="proportional-column-width(1)": org.apache.fop.fo.expr.PropertyException: proportional-column-width() function may only be used when fo:table has table-layout="fixed".; property:'column-width' (No context info available)
org.apache.fop.fo.expr.PropertyException: proportional-column-width() function may only be used when fo:table has table-layout="fixed".; property:'column-width'
	at org.apache.fop.fo.expr.ProportionalColumnWidthFunction.eval(ProportionalColumnWidthFunction.java:61)
	at org.apache.fop.fo.expr.PropertyParser.parsePrimaryExpr(PropertyParser.java:341)
	at org.apache.fop.fo.expr.PropertyParser.parseUnaryExpr(PropertyParser.java:213)
	at org.apache.fop.fo.expr.PropertyParser.parseMultiplicativeExpr(PropertyParser.java:178)
	at org.apache.fop.fo.expr.PropertyParser.parseAdditiveExpr(PropertyParser.java:152)
	at org.apache.fop.fo.expr.PropertyParser.parseProperty(PropertyParser.java:126)
	at org.apache.fop.fo.expr.PropertyParser.parse(PropertyParser.java:92)
	at org.apache.fop.fo.properties.PropertyMaker.make(PropertyMaker.java:438)
	at org.apache.fop.fo.PropertyList.convertAttributeToProperty(PropertyList.java:499)
	at org.apache.fop.fo.PropertyList.addAttributesToList(PropertyList.java:386)
	at org.apache.fop.fo.FObj.processNode(FObj.java:124)
	at org.apache.fop.fo.flow.table.TableFObj.processNode(TableFObj.java:232)
	at org.apache.fop.fo.FOTreeBuilder$MainFOHandler.startElement(FOTreeBuilder.java:291)
	at org.apache.fop.fo.FOTreeBuilder.startElement(FOTreeBuilder.java:179)
	at org.apache.xml.serializer.ToXMLSAXHandler.closeStartTag(ToXMLSAXHandler.java:206)
	at org.apache.xml.serializer.ToSAXHandler.flushPending(ToSAXHandler.java:279)
	at org.apache.xml.serializer.ToXMLSAXHandler.endElement(ToXMLSAXHandler.java:245)
	at org.apache.xalan.templates.ElemLiteralResult.execute(ElemLiteralResult.java:1401)
	at org.apache.xalan.transformer.TransformerImpl.executeChildTemplates(TransformerImpl.java:2402)
	at org.apache.xalan.templates.ElemLiteralResult.execute(ElemLiteralResult.java:1376)
	at org.apache.xalan.transformer.TransformerImpl.executeChildTemplates(TransformerImpl.java:2402)
	at org.apache.xalan.templates.ElemLiteralResult.execute(ElemLiteralResult.java:1376)
	at org.apache.xalan.templates.ElemApplyTemplates.transformSelectedNodes(ElemApplyTemplates.java:395)
	at org.apache.xalan.templates.ElemApplyTemplates.execute(ElemApplyTemplates.java:178)
	at org.apache.xalan.transformer.TransformerImpl.executeChildTemplates(TransformerImpl.java:2402)
	at org.apache.xalan.templates.ElemLiteralResult.execute(ElemLiteralResult.java:1376)
	at org.apache.xalan.transformer.TransformerImpl.executeChildTemplates(TransformerImpl.java:2402)
	at org.apache.xalan.templates.ElemLiteralResult.execute(ElemLiteralResult.java:1376)
	at org.apache.xalan.transformer.TransformerImpl.executeChildTemplates(TransformerImpl.java:2402)
	at org.apache.xalan.templates.ElemLiteralResult.execute(ElemLiteralResult.java:1376)
	at org.apache.xalan.transformer.TransformerImpl.executeChildTemplates(TransformerImpl.java:2402)
	at org.apache.xalan.transformer.TransformerImpl.applyTemplateToNode(TransformerImpl.java:2272)
	at org.apache.xalan.transformer.TransformerImpl.transformNode(TransformerImpl.java:1358)
	at org.apache.xalan.transformer.TransformerImpl.transform(TransformerImpl.java:711)
	at org.apache.xalan.transformer.TransformerImpl.transform(TransformerImpl.java:1275)
	at org.apache.xalan.transformer.TransformerImpl.transform(TransformerImpl.java:1253)
	at com.increff.invoiceapp.service.GeneratePDF.createPDF(GeneratePDF.java:43)
	at com.increff.invoiceapp.service.InvoiceService.generateInvoice(InvoiceService.java:29)
	at com.increff.invoiceapp.dto.InvoiceDto.getInvoicePDF(InvoiceDto.java:24)
	at com.increff.invoiceapp.controller.GenerateInvoiceController.getInvoicePDF(GenerateInvoiceController.java:26)
	at sun.reflect.NativeMethodAccessorImpl.invoke0(Native Method)
	at sun.reflect.NativeMethodAccessorImpl.invoke(NativeMethodAccessorImpl.java:62)
	at sun.reflect.DelegatingMethodAccessorImpl.invoke(DelegatingMethodAccessorImpl.java:43)
	at java.lang.reflect.Method.invoke(Method.java:498)
	at org.springframework.web.method.support.InvocableHandlerMethod.doInvoke(InvocableHandlerMethod.java:205)
	at org.springframework.web.method.support.InvocableHandlerMethod.invokeForRequest(InvocableHandlerMethod.java:133)
	at org.springframework.web.servlet.mvc.method.annotation.ServletInvocableHandlerMethod.invokeAndHandle(ServletInvocableHandlerMethod.java:116)
	at org.springframework.web.servlet.mvc.method.annotation.RequestMappingHandlerAdapter.invokeHandlerMethod(RequestMappingHandlerAdapter.java:827)
	at org.springframework.web.servlet.mvc.method.annotation.RequestMappingHandlerAdapter.handleInternal(RequestMappingHandlerAdapter.java:738)
	at org.springframework.web.servlet.mvc.method.AbstractHandlerMethodAdapter.handle(AbstractHandlerMethodAdapter.java:85)
	at org.springframework.web.servlet.DispatcherServlet.doDispatch(DispatcherServlet.java:963)
	at org.springframework.web.servlet.DispatcherServlet.doService(DispatcherServlet.java:897)
	at org.springframework.web.servlet.FrameworkServlet.processRequest(FrameworkServlet.java:970)
	at org.springframework.web.servlet.FrameworkServlet.doPost(FrameworkServlet.java:872)
	at javax.servlet.http.HttpServlet.service(HttpServlet.java:707)
	at org.springframework.web.servlet.FrameworkServlet.service(FrameworkServlet.java:846)
	at javax.servlet.http.HttpServlet.service(HttpServlet.java:790)
	at org.eclipse.jetty.servlet.ServletHolder.handle(ServletHolder.java:760)
	at org.eclipse.jetty.servlet.ServletHandler$CachedChain.doFilter(ServletHandler.java:1617)
	at org.eclipse.jetty.websocket.server.WebSocketUpgradeFilter.doFilter(WebSocketUpgradeFilter.java:226)
	at org.eclipse.jetty.servlet.ServletHandler$CachedChain.doFilter(ServletHandler.java:1604)
	at org.eclipse.jetty.servlet.ServletHandler.doHandle(ServletHandler.java:545)
	at org.eclipse.jetty.server.handler.ScopedHandler.handle(ScopedHandler.java:143)
	at org.eclipse.jetty.security.SecurityHandler.handle(SecurityHandler.java:536)
	at org.eclipse.jetty.server.handler.HandlerWrapper.handle(HandlerWrapper.java:127)
	at org.eclipse.jetty.server.handler.ScopedHandler.nextHandle(ScopedHandler.java:235)
	at org.eclipse.jetty.server.session.SessionHandler.doHandle(SessionHandler.java:1589)
	at org.eclipse.jetty.server.handler.ScopedHandler.nextHandle(ScopedHandler.java:233)
	at org.eclipse.jetty.server.handler.ContextHandler.doHandle(ContextHandler.java:1296)
	at org.eclipse.jetty.server.handler.ScopedHandler.nextScope(ScopedHandler.java:188)
	at org.eclipse.jetty.servlet.ServletHandler.doScope(ServletHandler.java:485)
	at org.eclipse.jetty.server.session.SessionHandler.doScope(SessionHandler.java:1559)
	at org.eclipse.jetty.server.handler.ScopedHandler.nextScope(ScopedHandler.java:186)
	at org.eclipse.jetty.server.handler.ContextHandler.doScope(ContextHandler.java:1211)
	at org.eclipse.jetty.server.handler.ScopedHandler.handle(ScopedHandler.java:141)
	at org.eclipse.jetty.server.handler.ContextHandlerCollection.handle(ContextHandlerCollection.java:221)
	at org.eclipse.jetty.server.handler.HandlerCollection.handle(HandlerCollection.java:146)
	at org.eclipse.jetty.server.handler.HandlerWrapper.handle(HandlerWrapper.java:127)
	at org.eclipse.jetty.server.Server.handle(Server.java:500)
	at org.eclipse.jetty.server.HttpChannel.lambda$handle$1(HttpChannel.java:386)
	at org.eclipse.jetty.server.HttpChannel.dispatch(HttpChannel.java:560)
	at org.eclipse.jetty.server.HttpChannel.handle(HttpChannel.java:378)
	at org.eclipse.jetty.server.HttpConnection.onFillable(HttpConnection.java:268)
	at org.eclipse.jetty.io.AbstractConnection$ReadCallback.succeeded(AbstractConnection.java:311)
	at org.eclipse.jetty.io.FillInterest.fillable(FillInterest.java:103)
	at org.eclipse.jetty.io.ChannelEndPoint$2.run(ChannelEndPoint.java:117)
	at org.eclipse.jetty.util.thread.QueuedThreadPool.runJob(QueuedThreadPool.java:782)
	at org.eclipse.jetty.util.thread.QueuedThreadPool$Runner.run(QueuedThreadPool.java:914)
	at java.lang.Thread.run(Thread.java:750)
2023-07-04 11:34:59 WARN  FOUserAgent:94 - Font "Symbol,normal,700" not found. Substituting with "Symbol,normal,400".
2023-07-04 11:34:59 WARN  FOUserAgent:94 - Font "ZapfDingbats,normal,700" not found. Substituting with "ZapfDingbats,normal,400".
2023-07-04 11:34:59 WARN  FOUserAgent:97 - The contents of fo:block line 1 exceed the available area in the inline-progression direction by more than 50 points. (No context info available)
2023-07-04 11:34:59 INFO  FOUserAgent:83 - Rendered page #1.
2023-07-04 11:37:04 WARN  FOUserAgent:97 - The following feature isn't implemented by Apache FOP, yet: table-layout="auto" (on fo:table) (No context info available)
2023-07-04 11:37:04 WARN  FOUserAgent:97 - The following feature isn't implemented by Apache FOP, yet: table-layout="auto" (on fo:table) (No context info available)
2023-07-04 11:37:04 WARN  FOUserAgent:97 - The following feature isn't implemented by Apache FOP, yet: table-layout="auto" (on fo:table) (No context info available)
2023-07-04 11:37:04 WARN  FOUserAgent:94 - Font "Symbol,normal,700" not found. Substituting with "Symbol,normal,400".
2023-07-04 11:37:04 WARN  FOUserAgent:94 - Font "ZapfDingbats,normal,700" not found. Substituting with "ZapfDingbats,normal,400".
2023-07-04 11:37:04 INFO  FOUserAgent:83 - Rendered page #1.
2023-07-04 11:38:28 WARN  FOUserAgent:97 - The following feature isn't implemented by Apache FOP, yet: table-layout="auto" (on fo:table) (No context info available)
2023-07-04 11:38:28 WARN  FOUserAgent:97 - The following feature isn't implemented by Apache FOP, yet: table-layout="auto" (on fo:table) (No context info available)
2023-07-04 11:38:28 WARN  FOUserAgent:97 - The following feature isn't implemented by Apache FOP, yet: table-layout="auto" (on fo:table) (No context info available)
2023-07-04 11:38:28 WARN  FOUserAgent:94 - Font "Symbol,normal,700" not found. Substituting with "Symbol,normal,400".
2023-07-04 11:38:28 WARN  FOUserAgent:94 - Font "ZapfDingbats,normal,700" not found. Substituting with "ZapfDingbats,normal,400".
2023-07-04 11:38:28 INFO  FOUserAgent:83 - Rendered page #1.
2023-07-04 11:39:54 WARN  FOUserAgent:97 - The following feature isn't implemented by Apache FOP, yet: table-layout="auto" (on fo:table) (No context info available)
2023-07-04 11:39:54 WARN  FOUserAgent:97 - The following feature isn't implemented by Apache FOP, yet: table-layout="auto" (on fo:table) (No context info available)
2023-07-04 11:39:54 WARN  FOUserAgent:97 - The following feature isn't implemented by Apache FOP, yet: table-layout="auto" (on fo:table) (No context info available)
2023-07-04 11:39:54 WARN  FOUserAgent:94 - Font "Symbol,normal,700" not found. Substituting with "Symbol,normal,400".
2023-07-04 11:39:54 WARN  FOUserAgent:94 - Font "ZapfDingbats,normal,700" not found. Substituting with "ZapfDingbats,normal,400".
2023-07-04 11:39:54 INFO  FOUserAgent:83 - Rendered page #1.
2023-07-04 11:41:28 WARN  FOUserAgent:97 - The following feature isn't implemented by Apache FOP, yet: table-layout="auto" (on fo:table) (No context info available)
2023-07-04 11:41:28 WARN  FOUserAgent:97 - The following feature isn't implemented by Apache FOP, yet: table-layout="auto" (on fo:table) (No context info available)
2023-07-04 11:41:28 WARN  FOUserAgent:97 - The following feature isn't implemented by Apache FOP, yet: table-layout="auto" (on fo:table) (No context info available)
2023-07-04 11:41:28 WARN  FOUserAgent:94 - Font "Symbol,normal,700" not found. Substituting with "Symbol,normal,400".
2023-07-04 11:41:28 WARN  FOUserAgent:94 - Font "ZapfDingbats,normal,700" not found. Substituting with "ZapfDingbats,normal,400".
2023-07-04 11:41:28 INFO  FOUserAgent:83 - Rendered page #1.
2023-07-04 11:44:37 WARN  FOUserAgent:97 - The following feature isn't implemented by Apache FOP, yet: table-layout="auto" (on fo:table) (No context info available)
2023-07-04 11:44:37 WARN  FOUserAgent:97 - The following feature isn't implemented by Apache FOP, yet: table-layout="auto" (on fo:table) (No context info available)
2023-07-04 11:44:37 WARN  FOUserAgent:97 - The following feature isn't implemented by Apache FOP, yet: table-layout="auto" (on fo:table) (No context info available)
2023-07-04 11:44:37 WARN  FOUserAgent:94 - Font "Symbol,normal,700" not found. Substituting with "Symbol,normal,400".
2023-07-04 11:44:37 WARN  FOUserAgent:94 - Font "ZapfDingbats,normal,700" not found. Substituting with "ZapfDingbats,normal,400".
2023-07-04 11:44:37 INFO  FOUserAgent:83 - Rendered page #1.
2023-07-04 11:47:37 WARN  FOUserAgent:97 - The following feature isn't implemented by Apache FOP, yet: table-layout="auto" (on fo:table) (No context info available)
2023-07-04 11:47:37 WARN  FOUserAgent:97 - The following feature isn't implemented by Apache FOP, yet: table-layout="auto" (on fo:table) (No context info available)
2023-07-04 11:47:37 WARN  FOUserAgent:97 - The following feature isn't implemented by Apache FOP, yet: table-layout="auto" (on fo:table) (No context info available)
2023-07-04 11:47:37 WARN  FOUserAgent:94 - Font "Symbol,normal,700" not found. Substituting with "Symbol,normal,400".
2023-07-04 11:47:37 WARN  FOUserAgent:94 - Font "ZapfDingbats,normal,700" not found. Substituting with "ZapfDingbats,normal,400".
2023-07-04 11:47:37 INFO  FOUserAgent:83 - Rendered page #1.
2023-07-04 11:48:24 WARN  FOUserAgent:97 - The following feature isn't implemented by Apache FOP, yet: table-layout="auto" (on fo:table) (No context info available)
2023-07-04 11:48:24 WARN  FOUserAgent:97 - The following feature isn't implemented by Apache FOP, yet: table-layout="auto" (on fo:table) (No context info available)
2023-07-04 11:48:24 WARN  FOUserAgent:97 - The following feature isn't implemented by Apache FOP, yet: table-layout="auto" (on fo:table) (No context info available)
2023-07-04 11:48:25 WARN  FOUserAgent:94 - Font "Symbol,normal,700" not found. Substituting with "Symbol,normal,400".
2023-07-04 11:48:25 WARN  FOUserAgent:94 - Font "ZapfDingbats,normal,700" not found. Substituting with "ZapfDingbats,normal,400".
2023-07-04 11:48:25 INFO  FOUserAgent:83 - Rendered page #1.
2023-07-04 11:50:16 WARN  FOUserAgent:97 - The following feature isn't implemented by Apache FOP, yet: table-layout="auto" (on fo:table) (No context info available)
2023-07-04 11:50:16 WARN  FOUserAgent:97 - The following feature isn't implemented by Apache FOP, yet: table-layout="auto" (on fo:table) (No context info available)
2023-07-04 11:50:16 WARN  FOUserAgent:97 - The following feature isn't implemented by Apache FOP, yet: table-layout="auto" (on fo:table) (No context info available)
2023-07-04 11:50:16 WARN  FOUserAgent:94 - Font "Symbol,normal,700" not found. Substituting with "Symbol,normal,400".
2023-07-04 11:50:16 WARN  FOUserAgent:94 - Font "ZapfDingbats,normal,700" not found. Substituting with "ZapfDingbats,normal,400".
2023-07-04 11:50:16 INFO  FOUserAgent:83 - Rendered page #1.
2023-07-04 11:51:05 WARN  FOUserAgent:97 - The following feature isn't implemented by Apache FOP, yet: table-layout="auto" (on fo:table) (No context info available)
2023-07-04 11:51:05 WARN  FOUserAgent:97 - The following feature isn't implemented by Apache FOP, yet: table-layout="auto" (on fo:table) (No context info available)
2023-07-04 11:51:05 WARN  FOUserAgent:97 - The following feature isn't implemented by Apache FOP, yet: table-layout="auto" (on fo:table) (No context info available)
2023-07-04 11:51:05 WARN  FOUserAgent:94 - Font "Symbol,normal,700" not found. Substituting with "Symbol,normal,400".
2023-07-04 11:51:05 WARN  FOUserAgent:94 - Font "ZapfDingbats,normal,700" not found. Substituting with "ZapfDingbats,normal,400".
2023-07-04 11:51:06 INFO  FOUserAgent:83 - Rendered page #1.
